DCE_ID	Hits
>3-A-l	3
>4-S-l	175
>5-S-l	2
>6-A-l	2
>6-S-l	15
>8-A-l	1
>8-S-l	21
>9-A-l	4
>10-A-l	2
>10-S-l	7
>11-A-l	35
>11-S-l	8
>12-A-r	2
>15-A-l	10
>15-S-l	121
>17-A-l	8
>18-A-r	17
>18-S-r	14
>20-S-l	43
>22-A-l	16
>23-S-l	48
>24-A-r	1
>24-S-r	29
>25-A-r	45
>25-S-r	56
>26-S-r	19
>27-A-l	20
>27-S-l	27
>28-S-l	45
>29-A-r	23
>29-S-r	1
>30-A-l	43
>30-S-l	1
>32-S-l	28
>33-A-l	43
>33-S-l	14
>34-S-l	9
>35-S-l	4
>36-A-l	1
>36-S-l	21
>36-S-r	42
>37-S-l	3
>38-A-l	32
>38-S-l	18
>39-A-l	3
>40-S-l	23
>40-S-r	21
>41-A-r	34
>41-S-l	32
>41-S-r	2
>42-A-r	19
>42-S-r	19
>43-S-l	9
>44-A-l	10
>45-A-l	1
>46-S-l	2
>47-A-l	4
>47-S-l	4
>48-A-r	5
>52-A-l	1
>53-A-l	11
>54-A-l	31
>54-S-l	8
>55-S-l	16
>56-S-l	1
>57-S-l	4
>58-S-r	103
>59-S-l	1
>60-A-r	54
>60-S-r	5
>61-A-l	6
>61-S-l	139
>62-A-l	45
>62-S-l	14
>63-A-l	6
>63-S-l	21
>64-A-r	7
>65-A-r	1
>66-A-l	10
>66-S-l	88
>68-A-l	17
>68-A-r	28
>68-S-l	3
>69-A-r	3
>69-S-r	1
>70-A-r	23
>70-S-r	7
>72-S-l	2
>73-A-l	2
>73-S-l	4
>74-S-l	19
>75-A-l	45
>75-S-l	18
>76-A-r	40
>76-S-r	1
>77-S-l	11
>78-S-l	78
>80-A-l	3
>80-S-l	1
>81-A-l	4
>81-S-l	41
>82-A-l	2
>83-A-r	1
>84-S-l	15
>85-A-l	1
>85-S-l	199
>86-S-l	75
>87-S-l	171
>87-S-r	236
>88-S-l	1
>89-A-l	11
>89-S-l	95
>90-S-l	2
>91-A-l	4
>91-S-l	43
>92-S-r	1
>93-A-l	4
>93-S-l	47
>94-A-r	1
>94-S-r	45
>95-S-l	42
>96-S-r	46
>97-S-l	93
>98-A-l	6
>98-S-l	23
>99-S-l	33
>100-S-l	39
>101-S-l	13
>102-A-l	21
>102-S-l	66
>103-S-l	6
>104-A-l	5
>104-S-l	41
>105-A-l	1
>105-S-l	53
>106-A-r	32
>108-S-l	10
>109-S-l	3
>110-S-r	11
>111-S-l	22
>112-S-l	4
>113-A-l	8
>113-S-l	2
>114-S-l	17
>115-A-r	3
>115-S-r	12
>116-S-l	24
>117-A-l	5
>117-S-l	38
>118-A-l	40
>118-S-l	1
>119-A-r	28
>120-A-r	29
>120-S-r	29
>121-A-l	9
>121-S-l	120
>123-A-l	1
>123-S-l	33
>124-S-l	290
>127-A-l	3
>127-S-l	46
>128-S-l	46
>130-A-l	2
>130-S-l	9
>131-A-l	16
>132-A-l	66
>132-S-l	12
>135-A-l	12
>135-S-l	4
>136-S-r	88
>137-A-l	7
>137-S-l	59
>138-A-l	44
>139-S-r	3
>140-S-l	3
>141-A-l	74
>141-S-l	71
>142-S-l	74
>143-A-l	2
>143-S-l	139
>144-A-l	2
>144-S-l	37
>145-A-l	53
>145-S-l	2
>146-A-l	24
>146-S-l	24
>147-A-l	3
>147-S-l	40
>148-A-l	5
>148-S-l	4
>149-A-l	3
>149-S-l	20
>150-A-r	80
>150-S-r	3
>151-A-l	2
>152-S-l	29
>153-S-l	17
>154-S-l	37
>155-A-l	1
>155-S-l	34
>156-A-l	3
>156-S-l	15
>157-A-l	6
>157-S-l	3
>158-A-l	26
>158-S-l	17
>161-A-r	2
>162-S-l	22
>163-S-l	5
>164-S-r	48
>165-A-l	64
>165-S-l	1
>166-A-l	2
>166-S-l	36
>167-S-l	78
>168-A-l	1
>168-S-l	110
>169-A-l	2
>169-S-l	12
>170-A-l	1
>170-S-l	82
>171-A-l	16
>171-S-l	123
>177-A-l	18
>177-S-l	1
>178-A-l	5
>178-S-l	24
>179-A-l	9
>179-S-l	10
>182-S-l	1
>183-A-l	5
>184-A-r	2
>184-S-r	13
>185-A-l	17
>185-S-l	1
>186-A-l	28
>186-S-l	9
>187-A-l	21
>187-S-l	34
>188-A-l	154
>189-A-l	1
>190-S-l	16
>192-A-l	4
>194-A-l	9
>198-A-l	12
>199-A-l	51
>199-S-l	5
>203-A-l	1
>203-S-l	83
>204-S-l	12
>205-A-l	1
>206-A-l	11
>206-S-l	52
>207-S-l	20
>208-A-l	1
>208-S-l	124
>209-A-l	12
>209-S-l	14
>210-A-l	2
>210-S-l	1
>211-A-l	1
>211-S-l	68
>212-A-l	1
>212-S-l	79
>213-S-l	23
>214-A-l	11
>214-S-l	2
>215-A-l	30
>216-A-l	7
>217-A-l	19
>218-A-r	1
>219-A-l	186
>219-S-l	2
>220-A-r	4
>220-S-r	7
>221-A-l	1
>221-S-l	57
>222-A-l	44
>222-S-l	99
>223-S-l	72
>224-A-l	1
>224-S-l	1
>225-S-l	4
>226-A-l	2
>226-S-l	90
>228-S-l	36
>229-A-l	2
>229-S-l	67
>230-A-l	4
>230-S-l	67
>231-A-l	1
>231-S-l	2
>232-A-l	7
>232-S-l	111
>233-S-l	11
>234-A-l	27
>234-S-l	35
>235-A-l	207
>235-S-l	18
>236-S-l	7
>238-A-l	7
>238-S-l	25
>239-S-l	90
>240-A-l	4
>240-S-l	1
>241-S-l	41
>242-S-r	1
>243-A-r	18
>243-S-r	13
>244-A-l	1
>244-S-l	3
>245-A-r	2
>245-S-r	7
>247-A-l	1
>247-S-l	16
>250-A-l	1
>252-A-r	1
>252-S-r	13
>253-A-r	1
>253-S-r	14
>254-A-l	1
>254-S-l	17
>255-A-l	4
>255-S-l	108
>257-A-l	8
>257-S-l	1
>258-A-l	9
>259-A-r	570
>259-S-r	570
>260-A-l	3
>260-A-r	1
>260-S-l	11
>260-S-r	16
>261-A-l	67
>261-S-l	132
>262-A-l	1
>262-S-l	3
>263-S-l	3
>264-S-l	7
>265-S-l	8
>266-A-l	4
>266-S-l	38
>267-S-l	369
>268-S-l	352
>269-S-l	426
>270-A-l	13
>270-S-l	249
>271-A-l	2
>271-S-l	249
>272-S-l	152
>273-S-l	3
>274-S-l	3
>275-S-l	10
>276-A-l	1
>276-S-l	8
>280-S-r	11
>282-A-l	1
>282-S-l	1
>284-A-r	24
>284-S-r	178
>285-S-l	11
>286-A-l	4
>286-S-l	16
>287-S-l	29
>288-S-l	66
>289-S-r	9
>290-A-r	27
>291-S-l	24
>292-A-l	12
>292-S-l	3
>293-S-l	3
>297-S-l	4
>298-S-l	3
>299-S-l	2
>300-S-l	14
>303-A-l	6
>303-S-l	19
>305-S-l	6
>306-A-l	1
>306-S-l	82
>307-S-l	50
>309-A-r	13
>309-S-r	8
>310-A-l	20
>310-S-l	53
>311-A-l	17
>311-S-l	149
>312-S-l	9
>313-A-l	1
>313-S-l	4
>314-A-l	148
>315-A-l	2
>315-S-l	36
>317-A-l	1
>317-S-l	11
>318-S-l	12
>319-S-l	2
>320-A-l	1
>320-S-l	8
>322-A-l	2
>322-S-l	1
>323-A-l	4
>323-S-l	74
>324-S-l	4
>325-A-l	1
>325-S-l	56
>326-S-l	54
>328-S-l	5
>329-A-l	29
>329-S-l	64
>330-A-l	6
>330-S-l	13
>331-A-l	3
>331-S-l	13
>332-A-l	2
>332-S-l	9
>334-A-l	7
>334-S-l	9
>336-A-l	1
>336-S-l	45
>337-A-l	68
>337-S-l	29
>338-A-l	12
>338-S-l	45
>339-A-l	6
>339-S-l	77
>340-A-r	4
>340-S-l	104
>340-S-r	89
>341-S-r	14
>343-S-l	86
>344-S-l	261
>345-S-l	1
>347-A-l	1
>347-S-l	22
>349-A-l	1
>349-S-l	2
>350-A-l	3
>352-S-r	10
>354-S-l	3
>355-S-l	74
>356-A-l	7
>356-S-l	67
>357-A-r	2
>357-S-r	152
>358-A-r	8
>358-S-r	30
>359-A-r	15
>359-S-r	2
>360-A-l	1
>360-S-l	9
>361-A-l	8
>361-S-l	1
>362-A-l	7
>362-S-l	6
>363-S-l	1
>364-S-l	11
>366-A-l	10
>366-S-l	53
>369-A-l	1
>369-S-l	348
>370-A-r	6
>370-S-r	108
>371-S-l	3
>372-A-l	1
>372-S-l	3
>373-S-l	7
>374-A-l	19
>376-A-l	22
>376-S-l	4
>377-A-l	22
>377-S-l	22
>378-A-l	107
>378-A-r	117
>378-S-l	21
>379-S-l	38
>381-A-l	15
>381-S-l	23
>382-S-l	21
>383-S-r	31
>384-S-l	21
>385-S-l	63
>386-A-l	4
>386-S-l	63
>387-S-l	63
>388-A-l	2
>388-S-l	7
>390-A-l	9
>391-A-l	8
>391-S-l	230
>394-A-l	14
>394-S-l	61
>395-S-l	16
>396-S-l	23
>397-S-l	33
>398-A-l	1
>398-S-l	11
>398-S-r	14
>399-A-l	14
>399-S-l	36
>400-S-l	193
>401-S-l	413
>402-A-l	6
>402-S-l	2
>403-S-r	71
>404-S-l	3
>406-A-l	5
>406-S-l	46
>407-S-l	2
>408-A-l	1
>408-S-l	9
>409-A-l	15
>409-S-l	34
>410-A-l	5
>410-A-r	8
>410-S-l	1
>412-A-l	2
>413-A-l	2
>413-S-l	48
>414-A-r	2
>414-S-l	60
>414-S-r	44
>415-A-l	1
>415-S-l	19
>416-A-l	1
>416-S-l	2
>417-S-l	9
>418-A-l	4
>418-S-l	10
>420-S-r	7
>421-S-r	15
>422-A-r	1
>422-S-r	13
>423-S-l	14
>424-S-l	15
>427-S-l	89
>428-A-l	113
>428-S-l	2
>429-A-l	4
>429-S-l	1
>430-A-l	60
>430-S-l	44
>431-A-r	15
>431-S-r	10
>432-A-l	39
>432-S-l	5165
>433-A-l	1
>433-S-l	37
>434-A-r	3
>434-S-r	30
>435-S-l	39
>437-S-l	21
>438-S-l	3
>439-S-l	4
>440-S-l	4
>441-S-l	2
>442-S-l	2
>443-S-l	8
>444-S-l	16
>445-S-l	2
>446-A-l	2
>448-A-r	152
>448-S-r	1
>451-A-l	19
>451-S-l	37
>453-S-l	3
>455-A-l	3
>455-S-l	1
>456-S-r	22
>457-S-r	263
>459-A-r	7
>459-S-r	1
>460-S-l	1
>461-A-l	1
>462-A-l	1
>462-S-l	7
>465-A-l	3
>465-S-l	12
>466-S-r	16
>467-A-l	1
>467-S-l	71
>468-A-r	1
>468-S-r	44
>470-A-r	38
>470-S-r	6
>473-A-l	42
>473-S-l	3
>474-S-l	135
>475-S-l	71
>477-S-r	2
>478-S-r	14
>479-S-l	1
>480-S-l	51
>481-A-r	11
>481-S-r	3
>482-A-l	19
>482-S-l	7
>483-A-l	99
>483-S-l	5
>484-A-l	9
>484-S-l	5
>485-A-l	71
>485-S-l	27
>486-S-r	39
>487-S-l	64
>488-A-l	2
>488-S-l	99
>490-A-l	2
>490-S-l	11
>491-S-l	1133
>492-A-r	2
>492-S-r	10
>495-S-l	6
>496-A-l	4
>496-S-l	59
>497-A-l	29
>498-A-l	986
>498-S-l	4
>499-A-r	165
>499-S-r	532
>500-A-r	3
>500-S-r	81
>501-A-l	2
>501-S-l	89
>502-A-r	1
>502-S-r	16
>504-A-l	3
>504-S-l	70
>505-A-l	61
>505-S-l	2
>506-S-l	1
>507-A-l	72
>508-A-l	13
>508-S-l	1
>509-S-l	98
>510-A-r	2
>510-S-r	3
>511-A-r	6
>511-S-r	62
>512-A-l	6
>512-S-l	51
>513-A-l	4
>513-S-l	1
>514-A-l	2
>514-S-l	9
>516-A-l	1
>516-S-l	41
>517-S-l	52
>518-S-l	56
>519-S-l	17
>520-A-l	68
>521-S-l	8
>523-A-l	65
>524-A-l	9
>524-S-l	5
>526-A-l	9
>526-S-l	4
>528-A-l	1
>528-S-l	24
>529-S-l	89
>530-S-r	8
>531-A-l	2
>531-S-l	45
>532-A-l	18
>532-S-l	5
>533-A-r	1
>533-S-r	44
>534-A-l	48
>534-S-l	572
>535-A-r	8
>535-S-l	136
>535-S-r	89
>536-A-l	2
>536-S-l	136
>537-S-l	12
>538-S-l	4
>539-S-l	2
>540-A-l	1
>541-A-l	1
>543-A-l	5
>543-S-l	1
>544-A-l	18
>544-S-l	13
>545-S-l	25
>546-S-l	59
>548-A-l	5
>549-A-l	2
>549-A-r	15
>549-S-l	44
>549-S-r	13
>551-A-l	25
>551-S-l	38
>552-A-l	15
>552-S-l	104
>555-A-l	1
>555-S-l	71
>556-S-l	69
>557-A-l	6
>557-S-l	23
>558-A-l	17
>558-S-l	25
>559-S-l	33
>560-A-l	1
>561-A-l	2
>561-S-l	16
>562-A-l	20
>564-A-l	3
>564-S-l	8
>565-S-l	45
>566-A-l	4
>566-S-l	74
>568-A-r	4
>568-S-r	61
>569-A-l	1
>569-S-l	20
>570-A-l	57
>570-S-l	20
>578-A-l	31
>578-S-l	4
>579-A-l	2
>579-S-l	108
>580-A-l	4
>580-S-l	268
>581-A-l	8
>581-S-l	912
>582-A-l	2
>582-S-l	912
>583-A-l	2
>583-S-l	202
>585-S-l	213
>586-A-l	9
>586-S-l	40
>586-S-r	27
>587-A-l	1
>587-S-l	60
>588-A-l	1
>588-S-l	10
>589-A-l	3
>589-S-l	27
>590-S-l	5
>591-S-l	6
>594-A-l	13
>595-S-l	3
>596-S-l	14
>597-A-l	1
>599-S-l	1
>601-A-l	130
>601-S-l	1
>603-S-r	10
>604-S-r	21
>605-S-l	15
>606-A-l	35
>607-A-l	192
>608-S-l	942
>613-A-l	93
>613-S-l	4
>617-A-r	5
>618-A-r	2
>618-S-r	10
>619-A-l	2
>619-S-l	46
>620-S-l	2
>622-S-l	83
>625-A-r	51
>625-S-r	2
>626-S-l	20
>627-A-l	106
>627-A-r	103
>627-S-l	1
>627-S-r	1
>628-A-l	4
>628-S-l	4
>629-A-l	2
>629-S-l	19
>632-A-l	1
>632-S-l	16
>633-S-l	54
>634-S-l	54
>635-A-l	2
>635-S-l	3
>636-A-l	2
>636-S-l	65
>637-S-l	1
>638-A-r	5
>638-S-r	16
>639-A-l	5
>639-S-l	16
>640-S-l	5
>641-A-l	1
>641-S-l	14
>642-A-l	2
>642-S-l	61
>642-S-r	37
>643-A-l	1
>643-S-l	52
>644-A-r	34
>644-S-r	34
>645-S-l	3
>646-S-l	10
>648-A-r	7
>648-S-r	7
>650-A-l	7
>650-S-l	1
>651-A-l	12
>651-S-l	1
>652-A-l	6
>655-A-r	6
>655-S-r	1
>657-S-l	51
>658-A-l	4
>658-S-l	86
>659-S-l	49
>660-A-l	1
>660-S-l	4
>661-S-r	31
>662-S-r	21
>663-A-l	52
>664-A-l	39
>664-S-l	5
>665-A-l	4
>665-S-l	5
>666-A-l	3
>666-S-l	92
>667-A-l	9
>667-S-l	29
>668-S-l	2
>670-A-l	10
>670-A-r	3
>670-S-r	29
>671-A-l	3
>671-S-l	24
>672-A-l	56
>673-A-l	14
>674-A-r	2
>674-S-r	52
>675-S-l	37
>676-A-l	21
>676-S-l	10
>677-S-r	403
>679-S-l	12
>681-A-l	2
>681-S-l	9
>682-S-l	48
>683-A-l	3
>683-S-l	10
>684-A-l	1
>684-S-l	13
>685-S-l	17
>686-A-l	16
>686-S-l	337
>687-S-l	22
>688-A-l	218
>688-S-l	6
>689-A-l	7
>689-S-l	105
>690-A-l	1
>690-S-l	16
>691-S-l	149
>692-A-l	1
>692-S-l	27
>693-A-l	14
>693-S-l	93
>694-S-l	27
>695-S-l	132
>696-A-r	2
>699-S-l	2
>700-S-l	37
>702-A-l	4
>702-S-l	74
>703-A-r	17
>703-S-r	73
>704-A-r	3
>704-S-r	21
>705-A-l	2
>705-S-l	40
>706-A-r	6
>707-S-l	1
>708-S-l	97
>713-A-l	18
>713-S-l	321
>714-A-l	27
>714-S-l	2
>715-S-l	3
>716-S-l	2
>717-S-l	73
>718-A-l	1
>718-S-l	7
>719-A-l	5
>719-A-r	4
>719-S-l	89
>719-S-r	160
>720-S-l	10
>721-A-l	124
>721-S-l	10
>722-A-r	18
>722-S-l	25
>722-S-r	19
>723-S-l	4
>724-S-l	33
>725-A-l	3
>725-S-l	2
>726-A-l	1
>726-S-l	6
>727-S-l	46
>728-S-l	64
>729-S-l	1
>730-S-l	4
>733-S-l	17
>734-A-r	5
>734-S-r	38
>735-A-l	5
>735-S-l	9
>736-A-r	5
>736-S-r	37
>737-S-l	1
>738-A-l	1
>738-S-l	10
>739-S-l	10
>740-A-l	25
>741-S-l	11
>743-A-r	14
>743-S-r	12
>744-S-l	4
>749-A-l	7
>750-A-r	10
>750-S-r	1
>752-A-l	9
>753-A-l	25
>753-S-l	7
>754-S-r	1
>755-S-l	13
>756-A-l	2
>756-A-r	9
>756-S-l	354
>756-S-r	399
>757-A-l	3
>757-S-l	31
>758-A-l	78
>758-S-l	401
>759-A-l	15
>760-S-l	82
>761-S-l	46
>762-S-l	14
>763-A-l	4
>763-S-l	18
>765-S-r	17
>766-S-l	46
>767-S-l	3
>772-S-l	205
>773-A-l	10
>773-S-l	115
>774-A-l	1
>774-S-l	11
>775-A-l	9
>775-S-l	3
>776-A-l	2
>776-S-l	3
>777-S-l	89
>779-A-l	708
>779-S-l	2
>780-S-l	167
>781-S-l	17
>782-A-l	4
>782-S-l	17
>783-A-l	36
>786-S-l	1
>788-A-r	26
>789-A-l	33
>789-S-l	8
>791-A-r	1
>791-S-r	45
>792-A-l	2
>792-S-l	66
>793-S-r	12
>795-A-l	2
>795-S-l	179
>796-A-l	16
>796-S-l	24
>797-S-l	12
>798-S-l	55
>801-A-l	71
>802-A-l	34
>802-S-l	33
>803-S-l	32
>804-S-l	92
>805-S-l	72
>806-S-l	3
>807-A-l	1
>807-S-l	68
>808-S-l	151
>809-A-l	216
>809-S-l	116
>810-S-l	12
>811-S-l	12
>812-A-r	1
>813-A-l	1
>813-S-l	9
>814-S-r	13
>815-S-l	1
>820-S-l	9
>821-A-l	10
>821-S-l	167
>822-S-l	100
>823-A-r	1
>823-S-r	3
>824-A-l	1
>824-S-l	10
>825-A-l	3
>825-S-l	54
>826-S-r	110
>827-S-l	6
>828-A-r	5
>828-S-r	23
>829-S-l	456
>831-S-l	13
>833-A-r	1
>833-S-r	182
>834-A-l	37
>835-A-l	4
>835-S-l	50
>836-A-l	41
>836-S-l	82
>837-A-l	1
>837-S-l	2
>838-A-l	5
>838-S-l	463
>839-A-l	3
>841-S-l	7
>842-A-l	1
>842-S-l	19
>843-S-l	33
>845-S-l	2
>845-S-r	2
>846-A-l	195
>847-A-l	52
>847-S-l	21
>848-A-r	1
>848-S-r	27
>849-A-l	54
>850-A-r	1
>851-S-l	20
>852-S-l	60
>853-S-l	50
>854-A-r	5
>854-S-r	2
>855-A-l	24
>855-S-l	28
>856-A-l	12
>856-S-l	4
>857-A-l	26
>858-A-l	1
>858-S-l	19
>859-A-l	4
>859-S-l	21
>862-S-r	2
>863-S-l	5
>864-S-l	5
>865-A-l	1
>865-S-l	5
>866-S-l	5
>867-A-l	111
>867-S-l	33
>868-A-l	1
>868-S-l	5
>869-A-l	2
>869-A-r	5
>870-S-r	1
>873-A-l	10
>874-A-l	17
>875-A-r	1
>875-S-r	4
>876-A-l	7
>877-A-r	1
>878-S-l	13
>879-S-l	1
>880-S-l	2
>881-A-r	2
>882-S-r	20
>883-A-l	5
>884-A-l	16
>884-S-l	75
>885-A-l	3
>885-S-l	66
>886-S-l	25
>887-S-l	1
>888-S-l	2
>889-A-l	6
>889-A-r	8
>889-S-l	116
>889-S-r	88
>890-S-r	10
>891-A-l	36
>891-S-l	1
>893-A-l	65
>893-S-l	5
>894-S-l	5
>895-A-l	1
>895-S-l	33
>896-A-l	2
>896-S-l	30
>897-A-l	8
>897-S-l	9
>898-A-l	1
>898-S-l	20
>899-A-r	2
>899-S-l	23
>899-S-r	80
>900-A-l	3
>900-S-l	80
>901-S-r	13
>902-A-l	18
>902-S-l	15
>904-A-l	361
>904-S-l	27
>905-A-l	2
>905-S-l	7
>906-S-r	3
>907-S-l	7
>908-A-l	2
>908-S-l	21
>909-A-l	38
>910-S-l	73
>911-S-l	21
>912-S-l	55
>915-A-l	8
>915-S-l	4
>921-S-l	4
>922-S-l	29
>923-A-l	3
>923-S-l	26
>924-A-l	2
>924-S-l	1
>925-A-l	31
>925-S-l	1
>926-A-l	5
>926-S-l	31
>927-A-l	2
>927-S-l	8
>928-A-l	7
>928-A-r	23
>928-S-l	82
>928-S-r	62
>929-A-l	23
>929-S-l	89
>930-A-l	2
>930-S-l	89
>931-A-r	73
>934-A-r	10
>934-S-l	44
>934-S-r	58
>935-A-l	11
>935-S-l	77
>939-S-l	2
>940-A-l	12
>940-S-l	286
>942-S-l	79
>943-S-l	67
>944-A-l	18
>944-S-l	56
>945-A-l	2
>945-S-l	16
>946-S-l	29
>950-S-l	30
>951-A-l	14
>951-A-r	17
>951-S-r	2
>952-S-l	41
>953-A-l	4
>954-A-l	42
>954-S-l	15
>956-A-l	2
>956-S-l	80
>957-S-l	10
>958-A-r	1
>958-S-r	10
>959-A-l	1
>959-S-l	10
>960-A-r	36
>960-S-r	11
>961-A-l	10
>961-S-l	56
>962-A-l	21
>962-S-l	41
>964-A-l	10
>964-S-l	14
>965-A-l	1
>967-A-l	1
>967-S-l	65
>968-A-r	111
>969-A-l	7
>969-S-l	3
>970-A-l	3
>970-S-l	2
>971-A-l	60
>971-S-l	6
>972-A-r	8
>972-S-r	35
>973-A-l	4
>973-S-l	12
>974-A-l	211
>974-S-l	124
>975-A-l	4
>975-S-l	3
>976-A-l	1
>976-S-l	139
>977-A-l	6
>977-S-l	45
>978-A-l	101
>979-A-l	80
>979-S-l	1
>980-A-l	10
>980-S-l	83
>981-A-l	1
>981-S-l	59
>982-S-l	22
>983-A-l	1
>983-S-l	1
>984-A-l	2
>984-S-l	36
>985-S-r	51
>986-A-l	38
>986-S-l	109
>989-A-l	2
>989-S-l	14
>990-S-l	36
>991-A-l	22
>992-S-l	12
>993-A-l	19
>993-S-l	13
>994-S-l	1
>994-S-r	90
>995-A-r	1
>995-S-r	85
>996-A-l	1
>996-S-l	142
>997-S-l	1
>998-A-l	3
>1001-S-l	1
>1002-A-l	2
>1002-S-l	65
>1003-A-l	59
>1005-S-l	1
>1006-S-l	27
>1007-S-l	27
>1009-S-l	4
>1010-S-l	1
>1011-A-l	10
>1011-S-l	4
>1013-S-r	1
>1014-S-l	1
>1015-S-l	20
>1016-A-l	32
>1016-S-l	10
>1017-A-l	1
>1017-A-r	3
>1017-S-l	95
>1017-S-r	80
>1018-A-l	21
>1018-S-l	1
>1019-A-l	4
>1019-S-l	21
>1020-A-l	3
>1020-S-l	125
>1021-S-r	7
>1022-A-l	7
>1023-A-l	4
>1023-S-l	1
>1025-A-l	1
>1025-S-l	8
>1027-S-r	5
>1028-A-l	13
>1028-S-l	13
>1029-A-l	135
>1030-A-r	2
>1030-S-r	64
>1031-S-l	51
>1032-S-l	51
>1033-A-l	4
>1033-S-l	209
>1035-S-l	14
>1038-A-l	190
>1038-S-l	4
>1039-A-l	13
>1039-A-r	5
>1039-S-l	19
>1039-S-r	33
>1040-A-l	1
>1040-S-l	56
>1042-A-l	5
>1042-S-l	4
>1043-A-l	20
>1043-S-l	32
>1044-A-l	10
>1044-S-l	93
>1045-A-l	12
>1045-S-l	36
>1046-A-l	38
>1046-S-l	1
>1047-A-l	4
>1047-S-l	39
>1048-S-l	29
>1049-S-r	11
>1050-S-l	32
>1051-S-l	10
>1052-S-l	12
>1053-A-l	26
>1053-S-l	6
>1054-A-l	18
>1054-S-l	2
>1055-A-l	11
>1057-S-l	35
>1058-A-l	17
>1059-S-l	3
>1060-S-l	15
>1061-A-l	2
>1062-A-l	2
>1063-A-l	15
>1063-S-l	12
>1064-A-l	4
>1064-S-l	21
>1065-A-l	20
>1069-S-r	13
>1070-A-l	2
>1070-S-l	4
>1071-S-l	1
>1073-A-l	6
>1073-S-l	14
>1074-A-l	1
>1074-S-l	16
>1075-A-r	7
>1075-S-r	118
>1076-A-r	7
>1076-S-r	62
>1077-A-l	2
>1077-S-l	29
>1078-A-l	16
>1078-S-l	163
>1079-A-l	46
>1079-S-l	3
>1080-A-l	1
>1080-S-l	5
>1081-A-l	1
>1081-S-l	3
>1082-A-l	2
>1082-S-l	2
>1083-A-r	29
>1083-S-r	2
>1084-S-l	52
>1086-A-r	3
>1086-S-r	30
>1090-S-l	14
>1091-A-l	4
>1096-S-l	28
>1097-A-l	92
>1097-S-l	6
>1099-A-l	1
>1099-S-l	1
>1101-A-l	1
>1101-S-l	13
>1102-A-r	1
>1102-S-r	55
>1103-S-l	4
>1104-A-l	1
>1104-S-l	2
>1105-A-l	6
>1107-A-l	1
>1107-S-l	119
>1108-A-l	2
>1109-A-l	132
>1109-S-l	19
>1111-A-l	4
>1111-S-l	2
>1113-S-r	1
>1114-A-l	4
>1114-S-l	42
>1117-S-l	75
>1118-A-l	91
>1119-A-l	7
>1120-A-l	1
>1120-S-l	103
>1121-A-r	1
>1121-S-r	2
>1122-A-l	1
>1122-S-l	55
>1125-A-l	1
>1126-A-l	134
>1127-S-l	2
>1128-A-l	89
>1128-S-l	5
>1129-S-l	8
>1130-A-l	8
>1130-S-l	4
>1131-A-l	1
>1131-S-l	17
>1132-S-r	4
>1133-S-l	8
>1134-A-l	7
>1134-S-l	5
>1135-S-l	5
>1136-S-l	3
>1137-S-l	8
>1138-A-r	6
>1138-S-r	4
>1139-A-l	99
>1139-S-l	9
>1140-A-l	1
>1140-S-l	1
>1141-A-l	11
>1141-S-l	21
>1142-S-l	24
>1152-A-l	4
>1152-A-r	4
>1152-S-r	4
>1154-A-l	4
>1154-A-r	12
>1154-S-l	4
>1154-S-r	12
>1155-A-r	9
>1155-S-r	1
>1156-A-l	62
>1156-S-l	36
>1157-A-l	17
>1157-S-l	12
>1158-S-l	3
>1159-A-l	5
>1159-S-l	281
>1160-S-l	4
>1161-S-l	2
>1162-S-l	2
>1163-A-l	2
>1163-S-l	49
>1164-A-r	17
>1164-S-r	3
>1165-A-l	1
>1165-S-l	37
>1166-A-l	1
>1166-S-l	20
>1167-A-r	3
>1167-S-r	21
>1168-S-r	21
>1169-S-r	21
>1170-S-l	29
>1170-S-r	13
>1171-A-l	3
>1171-S-l	34
>1172-A-l	2
>1172-S-l	34
>1173-A-l	1
>1173-S-l	61
>1174-S-l	29
>1175-S-l	17
>1176-A-l	6
>1176-S-l	75
>1177-A-l	5
>1177-S-l	2
>1178-A-l	84
>1178-S-l	156
>1179-A-l	7
>1179-S-l	373
>1181-S-l	200
>1182-A-l	3
>1182-S-l	200
>1183-S-l	61
>1184-S-l	11
>1185-A-r	98
>1185-S-r	54
>1186-S-l	33
>1187-A-l	18
>1187-S-l	1318
>1188-A-r	96
>1189-S-l	10
>1190-A-l	27
>1190-S-l	32
>1191-S-l	12
>1192-A-l	51
>1192-A-r	159
>1192-S-l	39
>1192-S-r	3
>1193-A-r	19
>1193-S-r	2
>1194-S-l	19
>1195-A-l	131
>1195-S-l	48
>1196-S-l	59
>1197-A-l	3
>1197-S-l	57
>1198-S-r	6
>1199-A-l	10
>1199-S-l	31
>1200-S-l	31
>1201-A-l	43
>1201-S-l	1
>1202-A-l	12
>1202-S-l	77
>1203-A-l	3
>1204-S-l	67
>1205-A-l	2
>1205-S-l	57
>1206-A-l	340
>1206-S-l	3
>1207-A-l	10
>1207-S-l	6
>1208-S-r	45
>1213-S-r	1234
>1214-A-r	5
>1215-S-l	133
>1216-A-r	18
>1216-S-r	13
>1217-A-l	30
>1218-A-l	23
>1219-S-l	1
>1221-A-l	29
>1222-S-l	39
>1223-S-l	36
>1224-A-l	12
>1224-S-l	46
>1225-A-r	68
>1225-S-r	25
>1226-A-l	18
>1226-S-l	47
>1227-A-l	71
>1229-S-l	51
>1230-A-l	64
>1230-S-l	70
>1231-S-l	70
>1232-A-l	1
>1232-A-r	11
>1232-S-l	87
>1232-S-r	127
>1233-A-l	1
>1233-S-l	9
>1234-S-r	54
>1235-S-l	24
>1236-A-l	24
>1236-S-l	6
>1237-A-l	2
>1237-S-l	21
>1238-A-l	189
>1239-S-l	8
>1240-A-l	2
>1240-S-l	16
>1241-S-l	24
>1242-A-r	18
>1242-S-r	2
>1243-A-l	2
>1243-S-l	18
>1243-S-r	5
>1244-A-l	4
>1244-S-l	18
>1245-S-l	14
>1245-S-r	11
>1246-A-l	2
>1246-S-l	105
>1247-A-l	60
>1247-S-l	55
>1248-A-l	97
>1252-A-l	98
>1253-A-l	45
>1253-S-l	1
>1254-A-l	9
>1254-S-l	2
>1255-A-l	1
>1255-S-l	3
>1258-A-r	15
>1259-A-l	2
>1259-S-l	117
>1260-S-l	159
>1261-A-l	18
>1261-S-l	71
>1262-S-l	1
>1263-A-l	1
>1263-S-l	1
>1264-S-l	6
>1265-S-l	6
>1266-A-l	6
>1266-S-l	12
>1267-S-l	4
>1268-A-l	2
>1268-S-l	75
>1269-S-l	5
>1270-A-l	4
>1270-S-l	68
>1271-A-l	3
>1271-S-l	72
>1272-A-l	16
>1272-A-r	10
>1273-A-l	6
>1273-S-l	21
>1274-A-l	1
>1274-S-l	3
>1275-A-l	48
>1275-S-l	4
>1276-S-l	7
>1277-S-l	1
>1279-A-l	4
>1280-A-r	2
>1280-S-r	1
>1281-A-l	7
>1282-S-l	65
>1283-A-l	11
>1283-S-l	208
>1284-A-l	5
>1284-S-l	182
>1285-A-l	11
>1285-S-l	356
>1286-S-l	13
>1287-A-r	3
>1287-S-r	3
>1288-A-l	9
>1288-S-l	16
>1289-A-r	5
>1290-A-l	2
>1290-S-l	6
>1291-A-l	3
>1291-S-l	389
>1292-A-r	1
>1292-S-r	2
>1293-S-l	2
>1294-S-l	4
>1295-A-l	13
>1296-S-l	44
>1298-A-l	3
>1298-S-l	11
>1299-A-l	11
>1299-S-l	61
>1300-A-r	1
>1300-S-r	37
>1301-A-l	3
>1301-S-l	90
>1302-A-l	401
>1303-A-l	4
>1303-S-l	67
>1304-A-r	16
>1304-S-r	3
>1305-S-l	2
>1306-A-l	94
>1306-S-l	2
>1307-S-l	11
>1308-S-l	6
>1309-A-l	94
>1309-S-l	8
>1310-A-l	102
>1311-S-l	154
>1312-S-l	3
>1313-A-l	1
>1314-A-l	11
>1314-S-l	8
>1315-A-r	2
>1315-S-r	39
>1316-A-r	11
>1316-S-r	45
>1317-S-l	13
>1318-A-r	7
>1318-S-l	16
>1318-S-r	4
>1319-S-l	21
>1320-A-l	2
>1320-S-l	21
>1321-S-l	12
>1322-S-l	5
>1324-A-r	12
>1324-S-r	30
>1325-A-r	1
>1325-S-r	2
>1326-A-l	22
>1327-A-l	3
>1328-A-l	2
>1328-S-l	10
>1329-S-l	51
>1330-A-l	8
>1330-S-l	116
>1331-A-l	1
>1331-S-l	95
>1332-A-l	2
>1332-S-l	40
>1334-A-r	107
>1334-S-r	2
>1335-S-l	60
>1336-A-l	2
>1336-S-l	67
>1337-A-r	2
>1337-S-r	3
>1338-A-l	72
>1338-S-l	2
>1339-S-l	79
>1340-A-l	27
>1340-S-l	27
>1341-A-l	10
>1341-S-l	33
>1342-A-l	2
>1342-S-l	33
>1343-A-r	29
>1343-S-l	246
>1343-S-r	251
>1345-S-l	20
>1346-S-l	20
>1347-S-r	20
>1348-S-l	16
>1349-A-l	13
>1349-S-l	49
>1350-S-l	1
>1351-S-r	5
>1352-S-l	148
>1353-A-l	4
>1354-A-l	2
>1354-S-l	17
>1356-A-l	72
>1357-A-l	20
>1357-A-r	38
>1357-S-l	1
>1359-A-l	28
>1359-S-l	31
>1362-S-l	4
>1363-S-l	1
>1366-A-l	1
>1375-S-l	10
>1376-A-l	49
>1376-S-l	3
>1377-A-l	6
>1378-S-l	11
>1380-A-l	2
>1381-A-l	2
>1382-A-r	339
>1382-S-r	38
>1383-A-r	80
>1383-S-r	11
>1384-A-l	29
>1384-S-l	2
>1385-A-r	1
>1385-S-r	18
>1386-A-l	1
>1386-S-l	19
>1387-S-l	22
>1389-A-l	4
>1389-S-l	7
>1390-A-r	1
>1390-S-r	40
>1391-A-l	54
>1392-A-l	24
>1392-S-l	197
>1393-A-l	4
>1394-A-l	2
>1394-S-l	249
>1395-S-r	29
>1396-A-l	5
>1396-S-l	46
>1397-S-l	14
>1399-S-l	84
>1400-A-l	6
>1400-S-l	122
>1401-S-l	38
>1402-A-l	14
>1402-S-l	10
>1403-A-l	1
>1403-S-l	46
>1405-A-l	1
>1406-A-r	55
>1407-S-l	46
>1408-S-l	46
>1409-A-l	2
>1409-S-l	145
>1410-A-l	10
>1410-S-l	192
>1411-S-l	2
>1412-S-l	3
>1413-S-l	1
>1414-S-l	5
>1415-S-l	1
>1416-A-l	1
>1416-S-l	63
>1418-A-l	59
>1419-A-l	11
>1419-S-l	4
>1421-S-l	6
>1422-S-r	19
>1423-A-l	111
>1424-A-l	2
>1424-S-l	79
>1425-A-r	1
>1425-S-r	106
>1426-S-l	23
>1428-A-r	13
>1428-S-r	5
>1429-A-l	4
>1429-S-l	25
>1430-A-l	2
>1430-S-l	209
>1431-A-l	1
>1431-S-l	107
>1432-A-l	3
>1432-S-l	104
>1433-A-l	41
>1433-S-l	2
>1434-S-l	288
>1435-A-l	10
>1435-S-l	280
>1436-A-l	11
>1436-S-l	175
>1437-A-l	1
>1437-S-l	241
>1438-S-l	222
>1439-A-l	1
>1439-S-l	327
>1440-S-l	7
>1441-S-l	13
>1442-A-l	1
>1442-S-l	2
>1443-A-r	21
>1443-S-r	7
>1444-A-r	1
>1445-S-l	1
>1447-A-l	255
>1447-S-l	5
>1449-A-l	14
>1450-A-l	6
>1451-S-l	1496
>1452-A-l	7
>1452-S-l	1496
>1453-A-l	35
>1453-S-l	11
>1456-A-l	4
>1456-S-l	18
>1458-A-l	39
>1458-S-l	247
>1459-S-l	154
>1460-A-l	1
>1460-S-l	45
>1461-A-l	60
>1461-S-l	29
>1462-S-l	9
>1463-A-l	27
>1463-S-l	93
>1464-S-l	5
>1468-A-r	53
>1468-S-r	9
>1470-A-r	15
>1471-A-l	1
>1471-S-l	11
>1472-A-l	27
>1473-A-l	100
>1473-S-l	13
>1474-S-l	2
>1476-S-l	78
>1477-S-l	15
>1478-A-l	5
>1478-S-l	152
>1479-S-l	6
>1480-A-r	3
>1481-A-l	1
>1481-S-l	2
>1482-S-l	2
>1483-S-l	4
>1484-S-l	82
>1485-A-l	1
>1485-S-l	17
>1486-S-l	4
>1487-S-l	1
>1488-S-l	15
>1489-A-l	5
>1489-S-l	15
>1490-A-l	2
>1490-S-l	2
>1491-S-l	6
>1492-S-l	3
>1492-S-r	4
>1493-S-r	3
>1494-S-r	3
>1500-A-l	5
>1500-S-l	52
>1503-S-r	5
>1504-A-l	18
>1504-S-l	2
>1505-S-l	3
>1507-A-l	24
>1508-A-r	2
>1508-S-l	12
>1508-S-r	20
>1509-S-r	57
>1510-S-l	10
>1511-A-l	11
>1511-S-l	5
>1512-A-l	4
>1512-A-r	2
>1512-S-r	1
>1513-A-r	1
>1513-S-r	116
>1514-A-l	14
>1514-S-l	25
>1515-S-l	22
>1516-A-r	1
>1516-S-r	48
>1517-S-l	10
>1518-A-l	26
>1518-S-l	51
>1519-A-l	4
>1519-S-l	40
>1524-S-l	1
>1525-A-l	3
>1525-S-l	2
>1526-A-r	3
>1526-S-r	18
>1530-S-r	109
>1531-A-l	1
>1534-S-l	14
>1535-S-l	45
>1536-S-l	12
>1537-A-l	12
>1537-S-l	7
>1538-A-r	1
>1538-S-r	35
>1539-A-r	1
>1539-S-r	56
>1540-A-r	1
>1541-S-l	228
>1542-A-l	19
>1542-S-l	20
>1544-A-l	69
>1544-S-l	1
>1545-A-l	1
>1548-S-r	101
>1551-S-l	4
>1552-A-l	1
>1556-A-r	44
>1556-S-r	2
>1557-A-l	1
>1557-S-l	79
>1558-S-r	1
>1559-A-l	1
>1559-S-l	2
>1562-A-r	5
>1562-S-r	59
>1563-A-l	109
>1563-S-l	5
>1564-A-l	2
>1564-S-l	17
>1565-S-l	40
>1566-A-r	33
>1566-S-r	1
>1567-A-l	3
>1567-S-l	290
>1569-A-r	4
>1569-S-r	8
>1572-S-l	27
>1573-S-l	24
>1574-S-l	24
>1575-A-l	1
>1575-S-l	23
>1576-S-l	23
>1577-S-l	23
>1578-A-l	12
>1578-S-l	2
>1579-A-l	82
>1579-S-l	19
>1580-A-l	74
>1580-S-r	62
>1581-A-l	27
>1581-S-l	6
>1582-A-l	18
>1582-S-l	126
>1583-S-l	1
>1584-A-l	50
>1586-A-l	4
>1586-S-l	24
>1587-S-l	2
>1588-A-l	1
>1589-A-l	7
>1590-A-l	22
>1590-S-l	11
>1591-A-l	2
>1591-S-l	76
>1592-A-l	1
>1593-A-l	10
>1593-S-l	29
>1594-A-l	7
>1594-S-l	40
>1595-S-l	131
>1597-A-l	1
>1597-S-l	137
>1599-A-l	23
>1599-S-l	7
>1600-S-l	14
>1602-A-l	49
>1602-S-l	1
>1603-S-l	2
>1604-A-l	7
>1604-S-l	37
>1608-A-r	36
>1608-S-r	57
>1609-A-r	25
>1609-S-r	57
>1610-A-l	7
>1610-S-l	8
>1611-A-l	3
>1611-S-l	25
>1612-A-l	51
>1613-A-r	4
>1613-S-r	9
>1614-S-l	26
>1615-S-l	12
>1616-S-l	15
>1618-A-l	9
>1618-S-l	3
>1619-A-r	9
>1619-S-r	9
>1620-S-r	25
>1621-A-l	4
>1621-S-l	16
>1622-A-l	51
>1623-S-l	155
>1624-A-l	9
>1625-A-l	1
>1625-S-l	18
>1626-A-r	9
>1626-S-r	8
>1627-A-r	1
>1627-S-r	48
>1628-S-l	25
>1629-A-l	1
>1629-S-l	5
>1630-S-l	5
>1631-A-l	3
>1631-S-l	3
>1632-A-l	8
>1632-S-l	6
>1633-A-l	3
>1633-S-l	6
>1634-S-l	12
>1635-A-r	111
>1636-A-r	17
>1638-A-l	3
>1640-A-l	38
>1640-S-l	213
>1641-A-l	6
>1642-A-l	10
>1642-S-l	2
>1643-A-r	50
>1643-S-r	2
>1644-A-r	22
>1645-A-l	91
>1645-S-l	21
>1646-S-l	16
>1648-A-l	3
>1648-S-l	19
>1649-S-l	15
>1650-A-l	2
>1650-S-l	15
>1651-A-l	20
>1651-S-l	22
>1653-A-l	2
>1653-S-l	22
>1654-A-l	20
>1654-S-l	112
>1655-A-l	18
>1656-S-r	85
>1657-A-l	14
>1657-S-l	187
>1659-A-l	82
>1660-A-l	2
>1660-S-l	8
>1661-A-r	45
>1661-S-r	7
>1662-A-l	1
>1662-S-l	9
>1663-A-l	1
>1663-S-l	22
>1666-A-l	4
>1666-S-l	20
>1667-S-l	16
>1668-S-l	12
>1670-A-r	4
>1671-A-l	169
>1671-S-l	16
>1672-A-r	5
>1672-S-r	56
>1673-A-l	4
>1673-S-l	2
>1674-A-l	9
>1674-S-l	2
>1676-A-l	2
>1676-S-l	90
>1677-A-l	8
>1677-S-l	278
>1678-A-l	40
>1679-S-l	3
>1680-S-l	3
>1681-A-l	3
>1681-S-l	3
>1682-S-l	3
>1683-S-l	30
>1684-S-l	135
>1685-S-l	135
>1686-A-l	90
>1687-A-l	7
>1687-A-r	16
>1687-S-l	1
>1687-S-r	1
>1688-A-r	1
>1688-S-r	9
>1689-S-l	26
>1690-A-l	53
>1690-S-l	18
>1691-S-l	3
>1692-S-l	14
>1693-S-l	116
>1694-A-l	36
>1694-S-l	4
>1696-S-l	6
>1697-S-l	5
>1699-S-l	1
>1701-S-l	12
>1702-S-l	45
>1704-A-l	19
>1705-A-l	12
>1705-A-r	16
>1705-S-l	1
>1706-A-l	1
>1707-A-l	1
>1707-S-l	21
>1708-A-l	33
>1708-S-l	9
>1709-A-l	125
>1709-S-l	71
>1710-S-l	205
>1711-A-l	73
>1711-S-l	2
>1712-S-r	29
>1713-A-l	3
>1713-S-l	17
>1714-A-r	6
>1714-S-r	6
>1715-A-r	6
>1715-S-r	9
>1716-A-l	17
>1716-S-l	9
>1717-A-l	1
>1718-S-l	1
>1719-A-l	8
>1719-S-l	8
>1720-A-l	55
>1722-A-l	51
>1723-A-l	2
>1723-S-l	1
>1728-A-r	32
>1729-S-r	4
>1730-A-l	2
>1731-S-l	6
>1732-A-l	32
>1733-A-l	39
>1733-S-l	16
>1734-S-l	1
>1736-A-l	1
>1736-S-l	38
>1737-A-l	12
>1739-S-l	1
>1740-A-l	1
>1740-S-l	34
>1741-A-l	12
>1741-S-l	2
>1742-A-l	167
>1742-S-l	21
>1743-A-l	85
>1743-S-l	1
>1744-A-l	1
>1744-A-r	1
>1744-S-l	34
>1744-S-r	54
>1745-A-l	1
>1745-S-l	76
>1746-S-r	34
>1747-A-l	9
>1747-S-l	51
>1748-A-l	5
>1748-S-l	79
>1749-A-r	1
>1749-S-r	1
>1750-A-l	157
>1750-S-l	4
>1751-S-l	96
>1752-A-l	22
>1753-S-l	54
>1754-S-l	1
>1755-A-l	106
>1755-S-l	858
>1756-A-l	89
>1756-S-l	93
>1757-A-l	13
>1757-S-l	5
>1758-A-l	5
>1758-S-l	15
>1759-A-l	27
>1759-S-l	1298
>1760-A-l	1
>1760-S-l	61
>1761-S-r	16
>1763-A-l	2
>1763-S-l	42
>1764-A-l	60
>1764-S-l	2
>1765-A-r	1
>1765-S-r	28
>1766-A-l	130
>1766-S-l	85
>1767-A-l	1
>1767-S-l	30
>1768-A-r	12
>1769-A-r	12
>1769-S-r	28
>1770-S-l	33
>1771-A-l	160
>1771-S-l	12
>1772-A-l	1
>1772-S-l	19
>1773-S-l	7
>1774-S-l	7
>1776-A-l	63
>1777-S-l	27
>1778-A-l	66
>1778-S-l	2
>1779-S-l	3
>1782-A-r	30
>1783-A-l	53
>1783-S-l	1
>1784-S-r	4
>1785-S-l	56
>1786-A-l	5
>1787-S-l	115
>1788-S-l	4
>1789-A-l	31
>1789-S-l	2
>1790-S-r	11
>1791-A-r	2
>1791-S-r	87
>1792-A-l	1
>1792-S-l	11
>1793-S-l	10
>1794-S-l	8
>1795-A-l	33
>1795-S-l	2
>1796-S-l	66
>1797-A-l	60
>1797-S-l	3
>1799-S-l	2
>1800-A-l	1
>1800-S-l	25
>1801-S-l	9
>1802-S-l	9
>1803-A-l	48
>1804-S-l	2
>1805-A-l	3
>1805-S-l	34
>1806-A-l	17
>1806-S-l	8
>1807-A-l	25
>1807-S-l	6
>1809-A-r	1
>1809-S-r	31
>1810-A-l	3
>1811-A-l	11
>1811-S-l	4
>1812-A-l	34
>1812-S-l	13
>1813-S-l	17
>1814-A-l	13
>1814-S-l	1
>1816-A-l	33
>1816-S-l	1
>1817-A-l	1
>1817-S-l	16
>1818-A-r	1
>1819-A-l	4
>1819-S-l	1
>1821-S-l	15
>1822-S-r	22
>1823-S-l	8
>1824-S-l	4
>1825-A-l	1
>1825-S-l	19
>1826-A-l	3
>1826-S-l	11
>1827-A-r	1
>1829-A-l	3
>1829-S-l	46
>1830-A-r	3
>1830-S-r	5
>1831-S-r	2
>1832-A-l	13
>1833-S-l	8
>1834-A-l	2
>1834-S-l	9
>1835-A-l	3
>1835-S-l	8
>1836-A-l	1
>1836-S-l	8
>1837-S-r	3
>1838-S-r	3
>1839-A-l	8
>1839-S-l	79
>1840-A-r	6
>1841-S-l	60
>1842-S-l	19
>1843-A-l	4
>1843-S-l	4
>1844-S-l	23
>1846-A-l	5
>1846-S-l	94
