DCE_ID	Hits
>4-S-l	1
>5-S-l	2
>6-A-l	2
>6-S-l	10
>8-A-l	1
>8-S-l	1
>9-A-l	1
>10-A-l	1
>10-S-l	1
>11-A-l	1
>11-S-l	1
>12-A-r	1
>15-S-l	1
>17-A-l	1
>18-A-r	1
>20-S-l	1
>22-A-l	1
>23-S-l	17
>24-A-r	1
>24-S-r	14
>25-A-r	18
>25-S-r	1
>26-S-r	12
>27-A-l	16
>27-S-l	13
>28-S-l	17
>29-A-r	16
>29-S-r	1
>30-A-l	15
>30-S-l	1
>32-S-l	1
>33-A-l	1
>33-S-l	1
>34-S-l	5
>35-S-l	2
>36-A-l	1
>36-S-l	15
>36-S-r	20
>37-S-l	1
>38-A-l	10
>38-S-l	11
>39-A-l	2
>40-S-l	1
>40-S-r	1
>41-A-r	2
>41-S-l	1
>41-S-r	1
>42-A-r	1
>43-S-l	4
>44-A-l	1
>45-A-l	1
>46-S-l	1
>47-A-l	2
>47-S-l	3
>48-A-r	1
>52-A-l	1
>54-A-l	21
>54-S-l	3
>55-S-l	1
>56-S-l	1
>59-S-l	1
>60-A-r	1
>60-S-r	2
>61-A-l	1
>61-S-l	2
>62-A-l	1
>62-S-l	1
>63-A-l	1
>63-S-l	1
>64-A-r	5
>65-A-r	1
>68-A-l	1
>68-A-r	2
>68-S-l	1
>69-A-r	3
>69-S-r	1
>70-A-r	1
>70-S-r	1
>72-S-l	2
>73-A-l	1
>73-S-l	2
>74-S-l	8
>75-A-l	1
>75-S-l	1
>76-A-r	25
>76-S-r	1
>77-S-l	1
>78-S-l	1
>80-A-l	3
>80-S-l	1
>81-A-l	2
>81-S-l	5
>83-A-r	1
>84-S-l	11
>85-A-l	1
>85-S-l	1
>86-S-l	1
>87-S-l	2
>87-S-r	2
>88-S-l	1
>89-A-l	1
>89-S-l	1
>90-S-l	1
>91-A-l	4
>91-S-l	1
>92-S-r	1
>93-A-l	3
>93-S-l	1
>94-S-r	15
>95-S-l	17
>96-S-r	1
>97-S-l	1
>98-A-l	2
>98-S-l	1
>99-S-l	2
>100-S-l	1
>101-S-l	7
>102-A-l	14
>102-S-l	46
>103-S-l	4
>104-A-l	5
>104-S-l	19
>105-A-l	1
>105-S-l	1
>108-S-l	8
>109-S-l	3
>110-S-r	1
>111-S-l	1
>112-S-l	3
>113-A-l	1
>113-S-l	1
>114-S-l	1
>115-A-r	2
>115-S-r	1
>116-S-l	1
>117-A-l	3
>117-S-l	28
>118-A-l	1
>118-S-l	1
>119-A-r	1
>120-A-r	1
>121-A-l	1
>121-S-l	2
>123-A-l	1
>123-S-l	1
>124-S-l	123
>128-S-l	1
>130-A-l	1
>130-S-l	8
>132-A-l	2
>132-S-l	1
>136-S-r	1
>137-A-l	5
>137-S-l	29
>138-A-l	1
>139-S-r	1
>140-S-l	1
>141-A-l	38
>141-S-l	1
>142-S-l	1
>143-A-l	1
>143-S-l	49
>144-A-l	1
>144-S-l	1
>145-A-l	20
>145-S-l	2
>146-S-l	14
>147-A-l	3
>147-S-l	13
>148-A-l	1
>148-S-l	1
>149-A-l	2
>149-S-l	9
>150-A-r	43
>150-S-r	2
>151-A-l	1
>152-S-l	1
>154-S-l	11
>155-A-l	1
>156-A-l	1
>156-S-l	1
>157-A-l	3
>157-S-l	2
>158-A-l	1
>158-S-l	1
>161-A-r	2
>162-S-l	1
>163-S-l	1
>165-A-l	46
>165-S-l	1
>166-S-l	2
>167-S-l	1
>168-A-l	1
>168-S-l	2
>169-A-l	1
>169-S-l	7
>170-S-l	2
>171-A-l	8
>171-S-l	21
>177-A-l	1
>177-S-l	1
>178-A-l	5
>179-A-l	5
>179-S-l	6
>182-S-l	1
>183-A-l	4
>184-A-r	1
>184-S-r	1
>185-S-l	1
>186-S-l	1
>187-A-l	1
>187-S-l	1
>188-A-l	2
>189-A-l	1
>190-S-l	1
>192-A-l	4
>194-A-l	1
>198-A-l	10
>199-A-l	19
>199-S-l	3
>203-A-l	1
>203-S-l	1
>206-A-l	1
>206-S-l	2
>207-S-l	1
>208-S-l	36
>209-A-l	1
>209-S-l	1
>210-S-l	1
>211-A-l	1
>212-A-l	1
>212-S-l	1
>213-S-l	9
>214-A-l	9
>214-S-l	2
>215-A-l	13
>216-A-l	1
>217-A-l	1
>218-A-r	1
>219-A-l	84
>219-S-l	1
>220-A-r	1
>220-S-r	1
>221-A-l	1
>221-S-l	27
>222-A-l	1
>222-S-l	2
>223-S-l	1
>224-A-l	1
>224-S-l	1
>225-S-l	1
>226-A-l	1
>226-S-l	1
>228-S-l	21
>229-A-l	2
>230-A-l	4
>230-S-l	19
>231-A-l	1
>231-S-l	1
>232-A-l	5
>232-S-l	2
>233-S-l	1
>234-A-l	12
>234-S-l	19
>235-A-l	2
>236-S-l	5
>238-A-l	1
>238-S-l	1
>240-A-l	3
>240-S-l	1
>242-S-r	1
>243-A-r	13
>243-S-r	1
>244-A-l	1
>245-A-r	1
>245-S-r	1
>247-A-l	1
>247-S-l	1
>250-A-l	1
>252-A-r	1
>252-S-r	1
>253-A-r	1
>253-S-r	5
>254-A-l	1
>254-S-l	7
>255-A-l	2
>255-S-l	2
>257-A-l	1
>257-S-l	1
>258-A-l	6
>259-A-r	2
>260-A-l	3
>260-A-r	1
>260-S-l	6
>261-A-l	2
>261-S-l	2
>262-A-l	1
>262-S-l	3
>263-S-l	1
>265-S-l	4
>266-A-l	3
>266-S-l	22
>267-S-l	2
>268-S-l	1
>269-S-l	1
>270-A-l	6
>271-A-l	2
>271-S-l	58
>272-S-l	2
>273-S-l	3
>274-S-l	1
>275-S-l	6
>276-A-l	1
>276-S-l	5
>280-S-r	9
>282-A-l	1
>282-S-l	1
>284-A-r	1
>284-S-r	2
>285-S-l	3
>286-A-l	1
>286-S-l	1
>287-S-l	2
>288-S-l	1
>289-S-r	6
>290-A-r	15
>291-S-l	2
>292-A-l	1
>293-S-l	3
>297-S-l	1
>298-S-l	1
>299-S-l	2
>300-S-l	1
>303-A-l	3
>305-S-l	4
>306-A-l	1
>306-S-l	44
>309-A-r	8
>310-A-l	15
>310-S-l	1
>311-S-l	86
>312-S-l	1
>313-S-l	1
>314-A-l	1
>315-A-l	1
>315-S-l	26
>317-A-l	1
>317-S-l	5
>318-S-l	1
>320-A-l	1
>320-S-l	1
>322-A-l	2
>322-S-l	1
>323-A-l	3
>323-S-l	37
>324-S-l	4
>325-A-l	1
>325-S-l	3
>326-S-l	1
>328-S-l	1
>329-A-l	21
>329-S-l	37
>330-A-l	1
>331-A-l	2
>332-A-l	2
>334-A-l	5
>334-S-l	5
>336-A-l	1
>336-S-l	17
>337-A-l	2
>337-S-l	1
>338-A-l	1
>338-S-l	2
>339-A-l	6
>339-S-l	28
>340-A-r	1
>340-S-l	1
>340-S-r	2
>343-S-l	30
>345-S-l	1
>347-A-l	1
>347-S-l	12
>349-A-l	1
>352-S-r	5
>354-S-l	1
>355-S-l	26
>356-A-l	5
>356-S-l	26
>357-A-r	1
>357-S-r	53
>358-A-r	5
>358-S-r	12
>359-A-r	5
>359-S-r	2
>360-A-l	1
>360-S-l	1
>361-A-l	1
>361-S-l	1
>362-A-l	3
>362-S-l	3
>363-S-l	1
>366-A-l	7
>366-S-l	29
>369-A-l	1
>369-S-l	1
>370-A-r	1
>370-S-r	1
>372-S-l	3
>373-S-l	7
>374-A-l	1
>376-A-l	1
>376-S-l	1
>377-A-l	8
>377-S-l	8
>378-S-l	1
>379-S-l	22
>381-A-l	9
>381-S-l	12
>382-S-l	6
>383-S-r	1
>384-S-l	1
>386-A-l	2
>387-S-l	38
>388-A-l	1
>388-S-l	3
>391-A-l	7
>391-S-l	98
>394-A-l	6
>394-S-l	23
>395-S-l	1
>396-S-l	1
>397-S-l	12
>398-A-l	1
>398-S-l	1
>398-S-r	1
>399-A-l	1
>399-S-l	1
>400-S-l	2
>401-S-l	4
>403-S-r	33
>404-S-l	2
>406-A-l	3
>406-S-l	16
>408-A-l	1
>409-A-l	5
>409-S-l	1
>410-A-l	1
>410-A-r	1
>410-S-l	1
>412-A-l	1
>413-S-l	27
>414-A-r	1
>414-S-l	1
>414-S-r	1
>415-A-l	1
>415-S-l	6
>416-A-l	1
>416-S-l	1
>417-S-l	1
>418-A-l	2
>420-S-r	7
>421-S-r	1
>422-A-r	1
>422-S-r	1
>423-S-l	9
>424-S-l	6
>427-S-l	1
>428-A-l	1
>428-S-l	1
>429-A-l	2
>429-S-l	1
>430-A-l	1
>430-S-l	16
>431-A-r	1
>431-S-r	2
>432-S-l	2
>433-A-l	1
>434-A-r	3
>435-S-l	1
>437-S-l	10
>438-S-l	2
>440-S-l	2
>441-S-l	2
>442-S-l	1
>444-S-l	1
>445-S-l	1
>446-A-l	2
>448-A-r	67
>448-S-r	1
>451-A-l	1
>451-S-l	1
>453-S-l	1
>455-A-l	1
>455-S-l	1
>456-S-r	12
>459-A-r	3
>459-S-r	1
>460-S-l	1
>461-A-l	1
>462-A-l	1
>462-S-l	3
>465-A-l	1
>465-S-l	1
>466-S-r	9
>467-A-l	1
>467-S-l	1
>468-A-r	1
>468-S-r	25
>470-A-r	20
>470-S-r	3
>473-A-l	1
>473-S-l	3
>474-S-l	4
>475-S-l	39
>477-S-r	1
>478-S-r	8
>479-S-l	1
>480-S-l	1
>481-A-r	8
>482-A-l	15
>482-S-l	6
>483-A-l	2
>484-A-l	1
>484-S-l	1
>485-S-l	1
>486-S-r	1
>487-S-l	1
>488-A-l	1
>488-S-l	1
>490-A-l	2
>490-S-l	6
>491-S-l	5
>492-A-r	2
>492-S-r	10
>495-S-l	3
>496-A-l	4
>496-S-l	23
>497-A-l	14
>498-A-l	2
>498-S-l	1
>499-A-r	1
>499-S-r	1
>500-A-r	1
>500-S-r	1
>501-A-l	2
>501-S-l	48
>502-A-r	1
>504-S-l	2
>505-A-l	1
>505-S-l	2
>506-S-l	1
>507-A-l	26
>508-A-l	4
>508-S-l	1
>509-S-l	3
>510-S-r	3
>511-S-r	1
>512-A-l	1
>512-S-l	1
>513-A-l	1
>513-S-l	1
>514-A-l	1
>514-S-l	1
>516-A-l	1
>516-S-l	1
>517-S-l	1
>518-S-l	1
>519-S-l	1
>520-A-l	25
>521-S-l	1
>523-A-l	14
>524-A-l	1
>524-S-l	1
>526-A-l	1
>526-S-l	4
>528-A-l	1
>528-S-l	1
>529-S-l	1
>530-S-r	1
>531-A-l	2
>531-S-l	22
>532-S-l	1
>533-A-r	1
>533-S-r	1
>534-A-l	1
>534-S-l	1
>535-A-r	1
>536-S-l	1
>537-S-l	1
>538-S-l	3
>539-S-l	1
>541-A-l	1
>543-A-l	1
>543-S-l	1
>544-A-l	10
>544-S-l	5
>545-S-l	6
>546-S-l	28
>548-A-l	1
>549-A-l	2
>549-A-r	6
>549-S-l	21
>549-S-r	3
>551-A-l	1
>551-S-l	1
>552-A-l	10
>552-S-l	52
>555-S-l	31
>556-S-l	1
>557-S-l	1
>558-A-l	14
>558-S-l	25
>559-S-l	14
>560-A-l	1
>561-S-l	7
>564-A-l	3
>564-S-l	1
>565-S-l	1
>566-A-l	2
>566-S-l	34
>568-A-r	1
>568-S-r	14
>569-A-l	1
>569-S-l	10
>570-A-l	38
>570-S-l	8
>578-A-l	1
>578-S-l	1
>579-A-l	1
>579-S-l	1
>581-A-l	5
>582-A-l	2
>582-S-l	1
>583-A-l	1
>583-S-l	1
>585-S-l	1
>586-A-l	4
>586-S-l	25
>586-S-r	10
>587-A-l	1
>587-S-l	1
>588-A-l	1
>588-S-l	1
>589-A-l	2
>589-S-l	14
>590-S-l	1
>591-S-l	1
>594-A-l	9
>595-S-l	1
>596-S-l	1
>597-A-l	1
>599-S-l	1
>601-A-l	1
>601-S-l	1
>603-S-r	1
>604-S-r	9
>605-S-l	9
>606-A-l	17
>607-A-l	8
>608-S-l	1
>613-A-l	1
>617-A-r	2
>618-A-r	1
>619-A-l	1
>619-S-l	20
>620-S-l	2
>622-S-l	19
>625-A-r	37
>625-S-r	2
>626-S-l	12
>627-A-l	35
>627-A-r	39
>627-S-l	1
>627-S-r	1
>628-A-l	1
>628-S-l	4
>629-A-l	2
>629-S-l	9
>632-A-l	1
>632-S-l	11
>634-S-l	1
>635-A-l	2
>635-S-l	1
>636-A-l	1
>636-S-l	1
>637-S-l	1
>638-A-r	1
>639-A-l	1
>639-S-l	1
>640-S-l	1
>641-A-l	1
>641-S-l	1
>642-S-l	2
>642-S-r	1
>643-A-l	1
>643-S-l	24
>644-A-r	12
>646-S-l	1
>648-A-r	2
>648-S-r	2
>650-A-l	3
>650-S-l	1
>651-A-l	6
>651-S-l	1
>652-A-l	3
>655-A-r	1
>655-S-r	1
>657-S-l	32
>658-A-l	3
>658-S-l	2
>660-A-l	1
>660-S-l	1
>661-S-r	1
>662-S-r	1
>664-A-l	12
>665-A-l	3
>665-S-l	4
>666-A-l	1
>666-S-l	1
>667-A-l	3
>667-S-l	4
>668-S-l	1
>670-A-l	4
>670-A-r	3
>670-S-r	13
>671-A-l	1
>671-S-l	1
>672-A-l	1
>673-A-l	7
>674-A-r	2
>674-S-r	1
>675-S-l	23
>676-A-l	1
>676-S-l	3
>677-S-r	3
>679-S-l	3
>681-A-l	2
>681-S-l	1
>682-S-l	1
>683-A-l	3
>684-A-l	1
>684-S-l	7
>685-S-l	1
>686-A-l	8
>686-S-l	1
>687-S-l	5
>688-A-l	2
>688-S-l	1
>689-A-l	1
>689-S-l	1
>690-A-l	1
>690-S-l	1
>691-S-l	4
>692-A-l	1
>692-S-l	16
>693-A-l	1
>693-S-l	1
>694-S-l	10
>695-S-l	1
>696-A-r	2
>699-S-l	1
>702-A-l	2
>702-S-l	27
>703-A-r	11
>703-S-r	1
>704-S-r	21
>705-A-l	2
>705-S-l	1
>706-A-r	3
>707-S-l	1
>708-S-l	1
>713-A-l	1
>713-S-l	1
>714-A-l	14
>714-S-l	1
>715-S-l	1
>716-S-l	1
>717-S-l	2
>718-A-l	1
>718-S-l	1
>719-A-l	4
>719-A-r	4
>719-S-l	1
>719-S-r	103
>720-S-l	4
>721-A-l	1
>721-S-l	8
>722-A-r	17
>722-S-l	18
>722-S-r	1
>723-S-l	3
>724-S-l	1
>725-A-l	2
>725-S-l	2
>726-A-l	1
>726-S-l	5
>727-S-l	1
>728-S-l	1
>729-S-l	1
>730-S-l	3
>733-S-l	1
>734-A-r	5
>734-S-r	1
>735-A-l	1
>735-S-l	1
>736-S-r	17
>737-S-l	1
>738-A-l	1
>739-S-l	1
>740-A-l	8
>741-S-l	7
>743-A-r	1
>743-S-r	1
>744-S-l	2
>749-A-l	1
>750-A-r	1
>750-S-r	1
>752-A-l	3
>753-A-l	13
>753-S-l	2
>754-S-r	1
>755-S-l	1
>756-A-l	1
>756-A-r	4
>756-S-l	1
>756-S-r	2
>757-A-l	1
>757-S-l	1
>758-A-l	44
>758-S-l	2
>759-A-l	6
>760-S-l	2
>761-S-l	3
>762-S-l	10
>763-A-l	2
>763-S-l	10
>765-S-r	1
>772-S-l	2
>773-A-l	1
>773-S-l	2
>774-A-l	1
>774-S-l	4
>775-A-l	1
>775-S-l	1
>776-A-l	1
>776-S-l	3
>777-S-l	2
>779-A-l	1
>779-S-l	2
>780-S-l	63
>781-S-l	10
>782-A-l	3
>782-S-l	10
>783-A-l	23
>786-S-l	1
>788-A-r	1
>789-S-l	1
>791-A-r	1
>791-S-r	1
>792-A-l	1
>792-S-l	1
>793-S-r	1
>795-A-l	1
>795-S-l	1
>796-A-l	1
>796-S-l	1
>797-S-l	4
>798-S-l	1
>801-A-l	2
>802-A-l	16
>802-S-l	13
>803-S-l	16
>804-S-l	1
>805-S-l	1
>806-S-l	1
>807-A-l	1
>807-S-l	1
>808-S-l	2
>809-A-l	1
>809-S-l	1
>811-S-l	1
>812-A-r	1
>813-A-l	1
>813-S-l	4
>814-S-r	9
>815-S-l	1
>820-S-l	1
>821-A-l	1
>821-S-l	1
>822-S-l	41
>823-A-r	1
>823-S-r	3
>824-A-l	1
>824-S-l	6
>825-A-l	1
>825-S-l	1
>827-S-l	3
>828-A-r	3
>828-S-r	14
>829-S-l	3
>831-S-l	1
>833-A-r	1
>833-S-r	4
>834-A-l	2
>835-A-l	2
>835-S-l	21
>836-A-l	1
>836-S-l	46
>837-A-l	1
>837-S-l	2
>838-A-l	4
>838-S-l	2
>839-A-l	1
>841-S-l	1
>842-A-l	1
>842-S-l	8
>845-S-l	1
>845-S-r	1
>846-A-l	1
>847-A-l	25
>847-S-l	15
>848-A-r	1
>848-S-r	1
>849-A-l	1
>850-A-r	1
>851-S-l	1
>852-S-l	23
>853-S-l	22
>854-A-r	1
>854-S-r	1
>855-A-l	5
>855-S-l	8
>856-A-l	1
>856-S-l	1
>857-A-l	10
>858-A-l	1
>859-A-l	2
>859-S-l	13
>862-S-r	2
>865-A-l	1
>866-S-l	4
>867-S-l	1
>868-A-l	1
>868-S-l	1
>869-A-l	1
>869-A-r	4
>873-A-l	10
>875-A-r	1
>875-S-r	3
>876-A-l	1
>877-A-r	1
>878-S-l	1
>879-S-l	1
>880-S-l	1
>882-S-r	1
>883-A-l	1
>884-A-l	11
>884-S-l	37
>885-A-l	1
>886-S-l	2
>887-S-l	1
>888-S-l	2
>889-A-l	1
>889-A-r	1
>889-S-l	1
>889-S-r	1
>890-S-r	4
>891-A-l	1
>891-S-l	1
>893-A-l	2
>893-S-l	5
>894-S-l	3
>895-S-l	19
>896-A-l	2
>896-S-l	14
>897-A-l	2
>897-S-l	1
>898-A-l	1
>898-S-l	1
>899-A-r	2
>899-S-l	13
>900-A-l	2
>900-S-l	47
>901-S-r	1
>902-A-l	1
>902-S-l	2
>904-A-l	1
>904-S-l	1
>905-A-l	2
>905-S-l	1
>906-S-r	1
>908-A-l	1
>908-S-l	1
>909-A-l	17
>910-S-l	2
>911-S-l	1
>912-S-l	2
>915-A-l	1
>915-S-l	1
>921-S-l	1
>922-S-l	13
>923-A-l	3
>923-S-l	18
>924-S-l	1
>925-A-l	2
>925-S-l	1
>926-A-l	2
>926-S-l	12
>927-A-l	1
>927-S-l	2
>928-A-l	1
>928-S-l	1
>928-S-r	2
>929-A-l	1
>930-A-l	1
>930-S-l	1
>931-A-r	1
>934-S-l	26
>934-S-r	26
>935-A-l	5
>939-S-l	1
>940-A-l	8
>940-S-l	104
>942-S-l	39
>943-S-l	1
>944-A-l	2
>944-S-l	4
>945-A-l	1
>945-S-l	11
>946-S-l	12
>950-S-l	13
>951-A-l	1
>951-A-r	1
>951-S-r	2
>952-S-l	1
>953-A-l	3
>954-A-l	24
>954-S-l	5
>956-S-l	41
>958-A-r	1
>959-A-l	1
>959-S-l	1
>960-S-r	1
>961-A-l	2
>961-S-l	1
>962-A-l	1
>962-S-l	1
>964-A-l	1
>964-S-l	1
>965-A-l	1
>967-A-l	1
>967-S-l	29
>968-A-r	55
>969-A-l	4
>969-S-l	3
>970-A-l	1
>970-S-l	2
>971-A-l	2
>972-A-r	1
>972-S-r	2
>973-A-l	3
>973-S-l	4
>974-A-l	1
>974-S-l	3
>975-A-l	2
>975-S-l	1
>976-A-l	1
>976-S-l	36
>977-S-l	2
>978-A-l	3
>979-A-l	40
>979-S-l	1
>980-A-l	1
>980-S-l	1
>981-S-l	25
>982-S-l	11
>983-A-l	1
>983-S-l	1
>984-A-l	1
>984-S-l	1
>985-S-r	24
>986-A-l	22
>986-S-l	1
>989-A-l	1
>989-S-l	1
>990-S-l	1
>991-A-l	9
>992-S-l	1
>993-A-l	10
>993-S-l	6
>994-S-l	1
>994-S-r	1
>995-A-r	1
>995-S-r	1
>996-A-l	1
>996-S-l	1
>997-S-l	1
>998-A-l	3
>1002-A-l	1
>1002-S-l	21
>1003-A-l	2
>1005-S-l	1
>1007-S-l	18
>1009-S-l	3
>1010-S-l	1
>1011-A-l	1
>1011-S-l	1
>1013-S-r	1
>1014-S-l	1
>1015-S-l	1
>1016-S-l	1
>1017-A-l	1
>1017-A-r	1
>1017-S-r	1
>1018-A-l	13
>1018-S-l	1
>1019-A-l	3
>1019-S-l	8
>1020-S-l	86
>1021-S-r	7
>1022-A-l	5
>1023-A-l	1
>1023-S-l	1
>1025-A-l	1
>1025-S-l	5
>1027-S-r	1
>1029-A-l	1
>1030-A-r	2
>1030-S-r	1
>1033-A-l	3
>1033-S-l	1
>1038-A-l	1
>1038-S-l	1
>1039-A-l	6
>1039-A-r	2
>1039-S-l	10
>1039-S-r	16
>1040-A-l	1
>1042-S-l	2
>1043-A-l	12
>1043-S-l	1
>1044-A-l	9
>1044-S-l	41
>1045-A-l	2
>1045-S-l	2
>1046-A-l	1
>1046-S-l	1
>1047-A-l	1
>1047-S-l	17
>1048-S-l	1
>1049-S-r	1
>1050-S-l	1
>1051-S-l	1
>1053-A-l	2
>1053-S-l	1
>1054-A-l	1
>1054-S-l	2
>1055-A-l	1
>1057-S-l	23
>1058-A-l	10
>1059-S-l	2
>1060-S-l	4
>1061-A-l	1
>1062-A-l	1
>1063-A-l	1
>1063-S-l	1
>1064-A-l	1
>1065-A-l	12
>1069-S-r	7
>1070-A-l	2
>1070-S-l	3
>1071-S-l	1
>1073-A-l	1
>1073-S-l	1
>1074-A-l	1
>1074-S-l	1
>1075-A-r	1
>1075-S-r	2
>1076-A-r	1
>1076-S-r	1
>1077-A-l	1
>1077-S-l	1
>1078-S-l	2
>1079-A-l	1
>1079-S-l	1
>1080-A-l	1
>1080-S-l	1
>1081-A-l	1
>1081-S-l	1
>1082-A-l	2
>1082-S-l	2
>1083-A-r	16
>1083-S-r	1
>1084-S-l	1
>1086-A-r	3
>1086-S-r	14
>1090-S-l	7
>1091-A-l	3
>1096-S-l	2
>1097-A-l	2
>1097-S-l	1
>1099-A-l	1
>1101-A-l	1
>1101-S-l	7
>1102-S-r	1
>1103-S-l	3
>1104-A-l	1
>1104-S-l	2
>1105-A-l	6
>1107-S-l	2
>1108-A-l	2
>1109-A-l	60
>1109-S-l	10
>1111-A-l	2
>1111-S-l	1
>1113-S-r	1
>1114-A-l	4
>1114-S-l	12
>1117-S-l	46
>1118-A-l	48
>1119-A-l	1
>1120-A-l	1
>1120-S-l	55
>1121-A-r	1
>1121-S-r	2
>1122-A-l	1
>1122-S-l	19
>1126-A-l	2
>1127-S-l	1
>1128-A-l	2
>1128-S-l	1
>1129-S-l	8
>1130-A-l	7
>1130-S-l	3
>1131-A-l	1
>1131-S-l	8
>1132-S-r	4
>1133-S-l	4
>1134-A-l	1
>1134-S-l	1
>1135-S-l	1
>1136-S-l	2
>1137-S-l	1
>1138-A-r	1
>1138-S-r	3
>1139-A-l	1
>1139-S-l	1
>1140-S-l	1
>1141-A-l	1
>1141-S-l	1
>1142-S-l	1
>1152-A-l	1
>1152-A-r	3
>1154-A-l	3
>1154-A-r	1
>1155-A-r	1
>1155-S-r	1
>1156-A-l	24
>1156-S-l	18
>1157-A-l	11
>1157-S-l	1
>1158-S-l	3
>1159-A-l	2
>1159-S-l	2
>1160-S-l	2
>1161-S-l	2
>1162-S-l	2
>1163-A-l	1
>1163-S-l	2
>1164-A-r	1
>1164-S-r	1
>1165-A-l	1
>1165-S-l	11
>1166-A-l	1
>1166-S-l	8
>1169-S-r	16
>1170-S-l	19
>1170-S-r	9
>1171-A-l	2
>1172-A-l	1
>1173-A-l	1
>1173-S-l	1
>1174-S-l	16
>1175-S-l	10
>1176-A-l	5
>1176-S-l	1
>1177-A-l	3
>1177-S-l	1
>1178-S-l	4
>1179-A-l	1
>1179-S-l	3
>1182-A-l	1
>1182-S-l	1
>1183-S-l	1
>1184-S-l	1
>1185-A-r	1
>1185-S-r	1
>1186-S-l	1
>1187-A-l	7
>1187-S-l	1
>1188-A-r	59
>1189-S-l	5
>1190-A-l	17
>1190-S-l	11
>1191-S-l	6
>1192-A-l	29
>1192-A-r	58
>1192-S-l	21
>1192-S-r	2
>1193-A-r	5
>1193-S-r	1
>1194-S-l	1
>1195-A-l	2
>1195-S-l	3
>1196-S-l	28
>1197-A-l	2
>1197-S-l	2
>1198-S-r	6
>1199-A-l	2
>1200-S-l	15
>1201-A-l	1
>1201-S-l	1
>1202-A-l	1
>1202-S-l	2
>1203-A-l	3
>1204-S-l	34
>1205-A-l	1
>1205-S-l	37
>1206-A-l	1
>1206-S-l	3
>1207-A-l	1
>1207-S-l	1
>1213-S-r	4
>1214-A-r	1
>1215-S-l	44
>1216-A-r	1
>1216-S-r	1
>1217-A-l	13
>1218-A-l	10
>1221-A-l	1
>1222-S-l	22
>1223-S-l	13
>1224-A-l	1
>1224-S-l	1
>1225-A-r	1
>1225-S-r	2
>1226-A-l	1
>1226-S-l	1
>1227-A-l	1
>1229-S-l	1
>1230-A-l	34
>1231-S-l	36
>1232-A-l	1
>1232-A-r	8
>1232-S-l	46
>1232-S-r	1
>1233-A-l	1
>1233-S-l	5
>1235-S-l	4
>1236-A-l	1
>1236-S-l	1
>1237-A-l	1
>1238-A-l	2
>1239-S-l	4
>1240-A-l	2
>1240-S-l	9
>1241-S-l	9
>1242-A-r	1
>1242-S-r	1
>1243-A-l	1
>1243-S-r	2
>1244-A-l	1
>1244-S-l	2
>1245-S-l	9
>1245-S-r	6
>1247-S-l	2
>1252-A-l	44
>1253-A-l	19
>1254-A-l	9
>1254-S-l	2
>1255-A-l	1
>1255-S-l	3
>1258-A-r	8
>1259-A-l	1
>1259-S-l	45
>1260-S-l	2
>1261-A-l	2
>1261-S-l	3
>1262-S-l	1
>1263-A-l	1
>1263-S-l	1
>1265-S-l	1
>1266-A-l	6
>1266-S-l	6
>1267-S-l	1
>1268-A-l	2
>1268-S-l	1
>1269-S-l	1
>1270-A-l	4
>1271-A-l	2
>1271-S-l	39
>1272-A-l	5
>1272-A-r	1
>1273-A-l	3
>1273-S-l	6
>1274-S-l	1
>1276-S-l	1
>1277-S-l	1
>1279-A-l	2
>1280-A-r	1
>1280-S-r	1
>1281-A-l	2
>1282-S-l	2
>1283-A-l	1
>1283-S-l	1
>1284-A-l	1
>1284-S-l	4
>1285-A-l	7
>1285-S-l	2
>1286-S-l	1
>1287-A-r	1
>1288-A-l	5
>1288-S-l	9
>1289-A-r	2
>1290-A-l	1
>1290-S-l	4
>1291-A-l	1
>1292-A-r	1
>1292-S-r	1
>1293-S-l	1
>1294-S-l	1
>1295-A-l	1
>1296-S-l	23
>1298-S-l	1
>1299-A-l	6
>1299-S-l	1
>1300-A-r	1
>1300-S-r	1
>1301-A-l	2
>1301-S-l	20
>1302-A-l	1
>1303-S-l	1
>1304-A-r	1
>1304-S-r	1
>1305-S-l	1
>1306-A-l	1
>1306-S-l	2
>1308-S-l	4
>1309-S-l	8
>1310-A-l	41
>1311-S-l	2
>1314-A-l	1
>1314-S-l	1
>1315-A-r	1
>1315-S-r	1
>1316-A-r	9
>1316-S-r	16
>1317-S-l	1
>1318-A-r	1
>1318-S-l	1
>1318-S-r	1
>1320-A-l	1
>1320-S-l	1
>1321-S-l	1
>1322-S-l	1
>1324-A-r	1
>1324-S-r	1
>1325-A-r	1
>1325-S-r	1
>1326-A-l	1
>1327-A-l	1
>1328-A-l	1
>1328-S-l	1
>1329-S-l	2
>1330-A-l	4
>1330-S-l	1
>1331-S-l	1
>1332-A-l	2
>1332-S-l	1
>1334-A-r	2
>1335-S-l	1
>1336-A-l	1
>1336-S-l	1
>1337-A-r	2
>1337-S-r	1
>1338-A-l	1
>1338-S-l	2
>1339-S-l	35
>1340-A-l	12
>1340-S-l	8
>1341-A-l	1
>1342-A-l	1
>1342-S-l	1
>1343-A-r	1
>1343-S-l	1
>1343-S-r	1
>1346-S-l	6
>1347-S-r	1
>1349-A-l	9
>1349-S-l	1
>1350-S-l	1
>1351-S-r	2
>1352-S-l	1
>1353-A-l	3
>1354-A-l	1
>1354-S-l	1
>1356-A-l	1
>1357-A-l	1
>1357-A-r	1
>1357-S-l	1
>1359-A-l	14
>1359-S-l	18
>1362-S-l	3
>1363-S-l	1
>1366-A-l	1
>1375-S-l	1
>1376-A-l	23
>1376-S-l	2
>1377-A-l	1
>1378-S-l	1
>1381-A-l	2
>1382-A-r	75
>1382-S-r	24
>1383-A-r	43
>1383-S-r	8
>1384-A-l	16
>1384-S-l	1
>1385-A-r	1
>1385-S-r	1
>1386-A-l	1
>1386-S-l	1
>1389-A-l	1
>1389-S-l	2
>1390-A-r	1
>1390-S-r	1
>1391-A-l	31
>1392-A-l	1
>1392-S-l	1
>1393-A-l	1
>1394-A-l	2
>1394-S-l	1
>1395-S-r	13
>1396-A-l	4
>1396-S-l	22
>1397-S-l	1
>1399-S-l	36
>1400-S-l	1
>1401-S-l	20
>1402-S-l	6
>1403-A-l	1
>1403-S-l	21
>1405-A-l	1
>1406-A-r	1
>1408-S-l	1
>1409-S-l	64
>1410-A-l	4
>1410-S-l	95
>1411-S-l	1
>1412-S-l	1
>1413-S-l	1
>1414-S-l	1
>1415-S-l	1
>1416-A-l	1
>1416-S-l	38
>1418-A-l	1
>1419-A-l	6
>1419-S-l	3
>1421-S-l	6
>1422-S-r	8
>1423-A-l	2
>1424-S-l	24
>1425-A-r	1
>1425-S-r	1
>1426-S-l	2
>1428-A-r	5
>1428-S-r	4
>1429-A-l	2
>1429-S-l	17
>1430-A-l	2
>1430-S-l	2
>1431-A-l	1
>1431-S-l	2
>1432-A-l	1
>1432-S-l	26
>1433-A-l	16
>1433-S-l	2
>1435-A-l	1
>1435-S-l	2
>1436-A-l	4
>1436-S-l	1
>1437-A-l	1
>1437-S-l	1
>1438-S-l	1
>1439-S-l	2
>1440-S-l	1
>1441-S-l	1
>1442-A-l	1
>1442-S-l	1
>1443-A-r	10
>1443-S-r	5
>1444-A-r	1
>1447-A-l	2
>1447-S-l	1
>1449-A-l	8
>1452-A-l	3
>1452-S-l	1
>1453-A-l	2
>1453-S-l	1
>1456-A-l	1
>1456-S-l	1
>1458-S-l	1
>1459-S-l	1
>1460-A-l	1
>1460-S-l	1
>1461-A-l	36
>1461-S-l	1
>1462-S-l	1
>1463-A-l	10
>1463-S-l	27
>1464-S-l	4
>1468-A-r	1
>1468-S-r	1
>1470-A-r	6
>1471-A-l	1
>1471-S-l	7
>1472-A-l	1
>1473-A-l	2
>1473-S-l	1
>1474-S-l	1
>1477-S-l	1
>1478-A-l	2
>1478-S-l	4
>1479-S-l	1
>1480-A-r	2
>1481-A-l	1
>1482-S-l	1
>1483-S-l	2
>1484-S-l	1
>1485-S-l	16
>1486-S-l	1
>1487-S-l	1
>1489-A-l	3
>1489-S-l	6
>1490-A-l	2
>1490-S-l	1
>1492-S-r	1
>1494-S-r	1
>1500-A-l	1
>1500-S-l	1
>1503-S-r	1
>1504-A-l	1
>1504-S-l	2
>1505-S-l	1
>1507-A-l	15
>1508-A-r	1
>1508-S-l	1
>1508-S-r	1
>1509-S-r	23
>1510-S-l	1
>1511-A-l	1
>1511-S-l	1
>1512-A-l	2
>1512-A-r	2
>1512-S-r	1
>1513-A-r	1
>1513-S-r	1
>1514-A-l	1
>1514-S-l	1
>1515-S-l	12
>1516-A-r	1
>1516-S-r	1
>1517-S-l	1
>1518-A-l	19
>1518-S-l	24
>1519-A-l	1
>1519-S-l	1
>1524-S-l	1
>1525-A-l	1
>1525-S-l	1
>1526-A-r	1
>1526-S-r	1
>1530-S-r	1
>1534-S-l	5
>1535-S-l	19
>1536-S-l	8
>1537-A-l	9
>1537-S-l	5
>1538-A-r	1
>1538-S-r	3
>1539-S-r	1
>1540-A-r	1
>1541-S-l	2
>1544-A-l	1
>1544-S-l	1
>1545-A-l	1
>1548-S-r	1
>1551-S-l	3
>1552-A-l	1
>1556-A-r	27
>1556-S-r	1
>1557-A-l	1
>1557-S-l	1
>1558-S-r	1
>1559-A-l	1
>1562-A-r	3
>1562-S-r	30
>1563-A-l	58
>1563-S-l	3
>1564-A-l	1
>1564-S-l	1
>1565-S-l	28
>1566-A-r	13
>1566-S-r	1
>1567-A-l	1
>1569-A-r	1
>1569-S-r	1
>1572-S-l	17
>1574-S-l	15
>1575-A-l	1
>1577-S-l	16
>1578-S-l	2
>1579-A-l	33
>1580-A-l	2
>1580-S-r	17
>1581-A-l	1
>1581-S-l	1
>1583-S-l	1
>1584-A-l	32
>1586-A-l	1
>1586-S-l	1
>1587-S-l	2
>1588-A-l	1
>1589-A-l	1
>1590-A-l	1
>1591-A-l	1
>1591-S-l	1
>1592-A-l	1
>1593-A-l	1
>1593-S-l	1
>1594-A-l	1
>1594-S-l	1
>1595-S-l	1
>1597-S-l	2
>1599-A-l	1
>1599-S-l	7
>1600-S-l	10
>1602-A-l	1
>1602-S-l	1
>1604-A-l	6
>1609-A-r	20
>1609-S-r	1
>1610-A-l	5
>1610-S-l	3
>1611-A-l	2
>1611-S-l	1
>1612-A-l	1
>1613-A-r	3
>1613-S-r	6
>1615-S-l	1
>1616-S-l	6
>1618-A-l	5
>1619-A-r	5
>1619-S-r	5
>1620-S-r	1
>1621-A-l	2
>1621-S-l	8
>1622-A-l	1
>1623-S-l	1
>1624-A-l	1
>1625-A-l	1
>1625-S-l	8
>1626-A-r	5
>1626-S-r	5
>1627-S-r	24
>1628-S-l	1
>1629-A-l	1
>1630-S-l	3
>1631-S-l	3
>1632-A-l	6
>1633-A-l	3
>1633-S-l	2
>1635-A-r	1
>1636-A-r	1
>1638-A-l	3
>1640-A-l	1
>1640-S-l	2
>1641-A-l	4
>1642-A-l	1
>1642-S-l	1
>1643-A-r	21
>1643-S-r	1
>1644-A-r	1
>1645-A-l	1
>1645-S-l	1
>1646-S-l	6
>1648-S-l	1
>1650-A-l	1
>1650-S-l	8
>1651-A-l	9
>1651-S-l	10
>1653-A-l	2
>1653-S-l	14
>1654-A-l	1
>1654-S-l	1
>1655-A-l	8
>1656-S-r	64
>1657-A-l	1
>1657-S-l	1
>1659-A-l	1
>1660-A-l	1
>1660-S-l	1
>1661-A-r	1
>1661-S-r	1
>1662-A-l	1
>1662-S-l	1
>1663-A-l	1
>1663-S-l	13
>1666-A-l	3
>1666-S-l	9
>1667-S-l	1
>1668-S-l	1
>1670-A-r	4
>1671-A-l	2
>1671-S-l	8
>1672-A-r	1
>1672-S-r	1
>1673-A-l	1
>1674-A-l	4
>1674-S-l	1
>1676-A-l	2
>1676-S-l	55
>1677-A-l	1
>1677-S-l	1
>1678-A-l	25
>1679-S-l	1
>1682-S-l	1
>1683-S-l	2
>1685-S-l	1
>1686-A-l	2
>1687-A-l	3
>1687-A-r	10
>1687-S-l	1
>1687-S-r	1
>1688-A-r	1
>1688-S-r	1
>1689-S-l	1
>1690-A-l	1
>1690-S-l	1
>1691-S-l	2
>1692-S-l	5
>1693-S-l	1
>1694-S-l	1
>1697-S-l	2
>1699-S-l	1
>1701-S-l	1
>1702-S-l	28
>1705-A-l	1
>1705-A-r	1
>1705-S-l	1
>1706-A-l	1
>1707-A-l	1
>1707-S-l	1
>1708-A-l	14
>1708-S-l	6
>1709-A-l	1
>1709-S-l	1
>1710-S-l	12
>1711-A-l	3
>1711-S-l	1
>1712-S-r	1
>1713-S-l	1
>1714-A-r	3
>1714-S-r	5
>1715-A-r	4
>1716-A-l	9
>1716-S-l	3
>1717-A-l	1
>1719-S-l	2
>1720-A-l	23
>1722-A-l	33
>1723-A-l	1
>1723-S-l	1
>1728-A-r	1
>1729-S-r	1
>1730-A-l	2
>1732-A-l	22
>1733-A-l	17
>1733-S-l	13
>1734-S-l	1
>1736-A-l	1
>1736-S-l	13
>1737-A-l	6
>1739-S-l	1
>1740-A-l	1
>1740-S-l	1
>1741-A-l	6
>1741-S-l	1
>1742-A-l	1
>1742-S-l	1
>1743-A-l	1
>1743-S-l	1
>1744-A-l	1
>1744-S-l	29
>1744-S-r	1
>1745-A-l	1
>1745-S-l	35
>1746-S-r	17
>1747-A-l	6
>1747-S-l	1
>1748-S-l	27
>1749-A-r	1
>1749-S-r	1
>1750-A-l	1
>1750-S-l	3
>1751-S-l	1
>1752-A-l	1
>1753-S-l	1
>1755-A-l	1
>1755-S-l	2
>1756-A-l	1
>1756-S-l	1
>1757-A-l	8
>1757-S-l	5
>1758-A-l	2
>1758-S-l	5
>1759-A-l	1
>1759-S-l	1
>1760-A-l	1
>1760-S-l	30
>1761-S-r	1
>1763-A-l	2
>1763-S-l	21
>1764-A-l	1
>1764-S-l	1
>1765-A-r	1
>1765-S-r	13
>1766-A-l	2
>1766-S-l	3
>1767-A-l	1
>1767-S-l	23
>1768-A-r	11
>1769-A-r	5
>1769-S-r	1
>1770-S-l	2
>1771-A-l	1
>1771-S-l	1
>1772-A-l	1
>1772-S-l	7
>1774-S-l	1
>1776-A-l	1
>1777-S-l	18
>1778-A-l	43
>1778-S-l	2
>1779-S-l	1
>1782-A-r	1
>1783-A-l	1
>1783-S-l	1
>1784-S-r	4
>1785-S-l	20
>1786-A-l	1
>1787-S-l	1
>1788-S-l	1
>1789-A-l	10
>1789-S-l	2
>1790-S-r	6
>1791-A-r	1
>1791-S-r	48
>1792-A-l	1
>1792-S-l	1
>1793-S-l	1
>1794-S-l	1
>1795-A-l	1
>1795-S-l	1
>1796-S-l	21
>1797-A-l	36
>1797-S-l	3
>1799-S-l	1
>1800-A-l	1
>1800-S-l	12
>1802-S-l	7
>1803-A-l	27
>1804-S-l	1
>1805-A-l	1
>1805-S-l	12
>1806-A-l	1
>1806-S-l	1
>1807-A-l	2
>1807-S-l	1
>1809-A-r	1
>1809-S-r	1
>1810-A-l	1
>1811-A-l	8
>1811-S-l	3
>1812-A-l	1
>1812-S-l	1
>1813-S-l	1
>1814-A-l	1
>1814-S-l	1
>1816-A-l	1
>1816-S-l	1
>1817-A-l	1
>1818-A-r	1
>1819-A-l	2
>1819-S-l	1
>1821-S-l	5
>1822-S-r	5
>1823-S-l	3
>1824-S-l	4
>1825-A-l	1
>1825-S-l	1
>1826-A-l	1
>1826-S-l	1
>1827-A-r	1
>1830-A-r	1
>1831-S-r	2
>1832-A-l	5
>1833-S-l	5
>1834-A-l	1
>1834-S-l	9
>1835-A-l	1
>1835-S-l	1
>1836-S-l	5
>1837-S-r	2
>1838-S-r	3
>1839-S-l	34
>1840-A-r	1
>1841-S-l	1
>1842-S-l	1
>1843-A-l	2
>1843-S-l	2
>1844-S-l	1
>1846-A-l	4
>1846-S-l	1
